Dialog(
	name='Nublado Secret Test Group',
	date=datetime.datetime(2023, 1, 29, 16, 22, 24, tzinfo=datetime.timezone.utc),
	draft=<telethon.tl.custom.draft.Draft object at 0x7f691122f310>,
	message=Message(
		id=1713,
		peer_id=PeerChannel(
			channel_id=1717149801
		),
		date=datetime.datetime(2023, 1, 29, 16, 22, 24, tzinfo=datetime.timezone.utc),
		message='Welcome to the group, Christopher Lluvioso.\n\nWe require new members to introduce themselves with a voice message. This helps us filter out fake accounts, trolls, etc.\n\nWe look forward to hearing from you.',
		out=False,
		mentioned=True,
		media_unread=True,
		silent=False,
		post=False,
		from_scheduled=False,
		legacy=False,
		edit_hide=False,
		pinned=False,
		noforwards=False,
		from_id=PeerUser(
			user_id=5863994740
		),
		fwd_from=None,
		via_bot_id=None,
		reply_to=None,
		media=None,
		reply_markup=None,
		entities=[
			MessageEntityMentionName(
				offset=22,
				length=20,
				user_id=5819985884
			),
		],
		views=None,
		forwards=None,
		replies=MessageReplies(
			replies=0,
			replies_pts=3159,
			comments=False,
			recent_repliers=[
			],
			channel_id=None,
			max_id=None,
			read_max_id=None
		),
		edit_date=None,
		post_author=None,
		grouped_id=None,
		reactions=None,
		restriction_reason=[
		],
		ttl_period=None
	),
	entity=Channel(
		id=1717149801,
		title='Nublado Secret Test Group',
		photo=ChatPhoto(
			photo_id=5008500186254781042,
			dc_id=1,
			has_video=False,
			stripped_thumb=b'\x01\x08\x08\xd3\xc4\xdfh\xce\xe1\xb3\xd3\x14QE\r\x89+\x1f'
		),
		date=datetime.datetime(2023, 1, 29, 16, 22, 19, tzinfo=datetime.timezone.utc),
		creator=False,
		left=False,
		broadcast=False,
		verified=False,
		megagroup=True,
		restricted=False,
		signatures=False,
		min=False,
		scam=False,
		has_link=False,
		has_geo=False,
		slowmode_enabled=False,
		call_active=False,
		call_not_empty=False,
		fake=False,
		gigagroup=False,
		noforwards=False,
		join_to_send=False,
		join_request=False,
		forum=False,
		access_hash=8213803912975200242,
		username=None,
		restriction_reason=[
		],
		admin_rights=None,
		banned_rights=None,
		default_banned_rights=ChatBannedRights(
			until_date=datetime.datetime(2038, 1, 19, 3, 14, 7, tzinfo=datetime.timezone.utc),
			view_messages=False,
			send_messages=False,
			send_media=False,
			send_stickers=False,
			send_gifs=False,
			send_games=False,
			send_inline=False,
			embed_links=False,
			send_polls=False,
			change_info=True,
			invite_users=False,
			pin_messages=True,
			manage_topics=True
		),
		participants_count=3,
		usernames=[
		]
	)
)
